2017/04/01 09:53:29 INFO  - jmeter.util.JMeterUtils: Setting Locale to zh_CN 
2017/04/01 09:53:29 INFO  - jmeter.JMeter: Loading system properties from: E:\工作文档\TestCase\jmeter-maven-plugin\target\jmeter\bin\system.properties 
2017/04/01 09:53:29 INFO  - jmeter.JMeter: Copyright (c) 1998-2016 The Apache Software Foundation 
2017/04/01 09:53:29 INFO  - jmeter.JMeter: Version 3.1 r1770033 
2017/04/01 09:53:29 INFO  - jmeter.JMeter: java.version=1.8.0_121 
2017/04/01 09:53:29 INFO  - jmeter.JMeter: java.vm.name=Java HotSpot(TM) 64-Bit Server VM 
2017/04/01 09:53:29 INFO  - jmeter.JMeter: os.name=Windows 7 
2017/04/01 09:53:29 INFO  - jmeter.JMeter: os.arch=amd64 
2017/04/01 09:53:29 INFO  - jmeter.JMeter: os.version=6.1 
2017/04/01 09:53:29 INFO  - jmeter.JMeter: file.encoding=GBK 
2017/04/01 09:53:29 INFO  - jmeter.JMeter: Max memory     =514850816 
2017/04/01 09:53:29 INFO  - jmeter.JMeter: Available Processors =4 
2017/04/01 09:53:29 INFO  - jmeter.JMeter: Default Locale=中文 (中国) 
2017/04/01 09:53:29 INFO  - jmeter.JMeter: JMeter  Locale=中文 (中国) 
2017/04/01 09:53:29 INFO  - jmeter.JMeter: JMeterHome=e:\工作文档\TestCase\jmeter-maven-plugin\target\jmeter 
2017/04/01 09:53:29 INFO  - jmeter.JMeter: user.dir  =E:\工作文档\TestCase\jmeter-maven-plugin\target\jmeter\bin 
2017/04/01 09:53:29 INFO  - jmeter.JMeter: PWD       =E:\工作文档\TestCase\jmeter-maven-plugin\target\jmeter\bin 
2017/04/01 09:53:29 INFO  - jmeter.JMeter: IP: 192.168.18.33 Name: zuosong FullName: zuosong 
2017/04/01 09:53:29 INFO  - jmeter.services.FileServer: Default base='E:\工作文档\TestCase\jmeter-maven-plugin\target\jmeter\bin' 
2017/04/01 09:53:29 INFO  - jmeter.services.FileServer: Set new base='e:\工作文档\TestCase\jmeter-maven-plugin\target\jmeter\testFiles' 
2017/04/01 09:53:29 INFO  - jmeter.save.SaveService: Testplan (JMX) version: 2.2. Testlog (JTL) version: 2.2 
2017/04/01 09:53:29 INFO  - jmeter.save.SaveService: Using SaveService properties file encoding UTF-8 
2017/04/01 09:53:29 INFO  - jmeter.save.SaveService: Using SaveService properties version 3.1 
2017/04/01 09:53:29 INFO  - jmeter.save.SaveService: All converter versions present and correct 
2017/04/01 09:53:29 INFO  - jmeter.save.SaveService: Loading file: e:\工作文档\TestCase\jmeter-maven-plugin\target\jmeter\testFiles\beehive.jmx 
2017/04/01 09:53:29 INFO  - jmeter.protocol.http.control.CookieManager: Settings: Delete null: true Check: true Allow variable: true Save: false Prefix: COOKIE_ 
2017/04/01 09:53:29 INFO  - jmeter.protocol.http.sampler.HTTPSamplerBase: Parser for text/html is org.apache.jmeter.protocol.http.parser.LagartoBasedHtmlParser 
2017/04/01 09:53:29 INFO  - jmeter.protocol.http.sampler.HTTPSamplerBase: Parser for application/xhtml+xml is org.apache.jmeter.protocol.http.parser.LagartoBasedHtmlParser 
2017/04/01 09:53:29 INFO  - jmeter.protocol.http.sampler.HTTPSamplerBase: Parser for application/xml is org.apache.jmeter.protocol.http.parser.LagartoBasedHtmlParser 
2017/04/01 09:53:29 INFO  - jmeter.protocol.http.sampler.HTTPSamplerBase: Parser for text/xml is org.apache.jmeter.protocol.http.parser.LagartoBasedHtmlParser 
2017/04/01 09:53:29 INFO  - jmeter.protocol.http.sampler.HTTPSamplerBase: Parser for text/vnd.wap.wml is org.apache.jmeter.protocol.http.parser.RegexpHTMLParser 
2017/04/01 09:53:29 INFO  - jmeter.protocol.http.sampler.HTTPSamplerBase: Parser for text/css is org.apache.jmeter.protocol.http.parser.CssParser 
2017/04/01 09:53:29 INFO  - jmeter.JMeter: Creating summariser <summary> 
2017/04/01 09:53:29 INFO  - jmeter.engine.StandardJMeterEngine: Running the test! 
2017/04/01 09:53:29 INFO  - jmeter.samplers.SampleEvent: List of sample_variables: [] 
2017/04/01 09:53:29 INFO  - jmeter.samplers.SampleEvent: List of sample_variables: [] 
2017/04/01 09:53:29 INFO  - jmeter.engine.util.CompoundVariable: Note: Function class names must contain the string: '.functions.' 
2017/04/01 09:53:29 INFO  - jmeter.engine.util.CompoundVariable: Note: Function class names must not contain the string: '.gui.' 
2017/04/01 09:53:29 INFO  - jmeter.JMeter: 正在运行的测试 (1491011609760) 
2017/04/01 09:53:29 INFO  - jmeter.engine.StandardJMeterEngine: Starting ThreadGroup: 1 : beehive 
2017/04/01 09:53:29 INFO  - jmeter.engine.StandardJMeterEngine: Starting 1 threads for group beehive. 
2017/04/01 09:53:29 INFO  - jmeter.engine.StandardJMeterEngine: Thread will continue on error 
2017/04/01 09:53:29 INFO  - jmeter.threads.ThreadGroup: Starting thread group number 1 threads 1 ramp-up 1 perThread 1000.0 delayedStart=false 
2017/04/01 09:53:29 INFO  - jmeter.threads.ThreadGroup: Started thread group number 1 
2017/04/01 09:53:29 INFO  - jmeter.engine.StandardJMeterEngine: All thread groups have been started 
2017/04/01 09:53:29 INFO  - jmeter.threads.JMeterThread: Thread started: beehive 1-1 
2017/04/01 09:53:29 INFO  - jmeter.protocol.http.sampler.HTTPJavaImpl: Maximum connection retries = 0 
2017/04/01 09:53:29 INFO  - jmeter.samplers.SampleResult: Note: Sample TimeStamps are START times 
2017/04/01 09:53:29 INFO  - jmeter.samplers.SampleResult: sampleresult.default.encoding is set to ISO-8859-1 
2017/04/01 09:53:29 INFO  - jmeter.samplers.SampleResult: sampleresult.useNanoTime=true 
2017/04/01 09:53:29 INFO  - jmeter.samplers.SampleResult: sampleresult.nanoThreadSleep=5000 
2017/04/01 09:53:30 INFO  - jmeter.reporters.Summariser: summary +      3 in 00:00:00 =   10.0/s Avg:    74 Min:    15 Max:   141 Err:     0 (0.00%) Active: 1 Started: 1 Finished: 0 
2017/04/01 09:53:30 INFO  - jmeter.threads.JMeterThread: Thread is done: beehive 1-1 
2017/04/01 09:53:30 INFO  - jmeter.threads.JMeterThread: Thread finished: beehive 1-1 
2017/04/01 09:53:30 INFO  - jmeter.engine.StandardJMeterEngine: Notifying test listeners of end of test 
2017/04/01 09:53:30 INFO  - jmeter.reporters.Summariser: summary +      2 in 00:00:00 =    6.8/s Avg:   141 Min:    46 Max:   237 Err:     0 (0.00%) Active: 0 Started: 1 Finished: 1 
2017/04/01 09:53:30 INFO  - jmeter.reporters.Summariser: summary =      5 in 00:00:01 =    8.4/s Avg:   101 Min:    15 Max:   237 Err:     0 (0.00%) 
